  Button.cpp
C:\Users\swarl\Downloads\GAME3001-M2020-Lab10-Starter\GAME3001_A3_AyottePaul\src\Button.cpp(22,15): warning C4244: 'argument': conversion from 'const T' to 'int', possible loss of data
          with
          [
              T=float
          ]
C:\Users\swarl\Downloads\GAME3001-M2020-Lab10-Starter\GAME3001_A3_AyottePaul\src\Button.cpp(23,16): warning C4244: 'argument': conversion from 'const T' to 'int', possible loss of data
          with
          [
              T=float
          ]
C:\Users\swarl\Downloads\GAME3001-M2020-Lab10-Starter\GAME3001_A3_AyottePaul\src\Button.cpp(38,46): warning C4244: 'argument': conversion from 'const T' to 'int', possible loss of data
          with
          [
              T=float
          ]
C:\Users\swarl\Downloads\GAME3001-M2020-Lab10-Starter\GAME3001_A3_AyottePaul\src\Button.cpp(38,43): warning C4244: 'argument': conversion from 'const T' to 'int', possible loss of data
          with
          [
              T=float
          ]
  CollisionManager.cpp
C:\Users\swarl\Downloads\GAME3001-M2020-Lab10-Starter\GAME3001_A3_AyottePaul\src\CollisionManager.cpp(9,28): warning C4244: 'initializing': conversion from 'T' to 'int', possible loss of data
          with
          [
              T=float
          ]
C:\Users\swarl\Downloads\GAME3001-M2020-Lab10-Starter\GAME3001_A3_AyottePaul\src\CollisionManager.cpp(9,21): warning C4244: 'initializing': conversion from 'T' to 'const int', possible loss of data
          with
          [
              T=float
          ]
C:\Users\swarl\Downloads\GAME3001-M2020-Lab10-Starter\GAME3001_A3_AyottePaul\src\CollisionManager.cpp(10,28): warning C4244: 'initializing': conversion from 'T' to 'int', possible loss of data
          with
          [
              T=float
          ]
C:\Users\swarl\Downloads\GAME3001-M2020-Lab10-Starter\GAME3001_A3_AyottePaul\src\CollisionManager.cpp(10,21): warning C4244: 'initializing': conversion from 'T' to 'const int', possible loss of data
          with
          [
              T=float
          ]
C:\Users\swarl\Downloads\GAME3001-M2020-Lab10-Starter\GAME3001_A3_AyottePaul\src\CollisionManager.cpp(20,72): warning C4244: 'initializing': conversion from 'float' to 'int', possible loss of data
C:\Users\swarl\Downloads\GAME3001-M2020-Lab10-Starter\GAME3001_A3_AyottePaul\src\CollisionManager.cpp(20,24): warning C4244: 'initializing': conversion from 'float' to 'const int', possible loss of data
C:\Users\swarl\Downloads\GAME3001-M2020-Lab10-Starter\GAME3001_A3_AyottePaul\src\CollisionManager.cpp(57,41): warning C4244: 'initializing': conversion from 'int' to 'float', possible loss of data
C:\Users\swarl\Downloads\GAME3001-M2020-Lab10-Starter\GAME3001_A3_AyottePaul\src\CollisionManager.cpp(57,22): warning C4244: 'initializing': conversion from 'int' to 'const float', possible loss of data
C:\Users\swarl\Downloads\GAME3001-M2020-Lab10-Starter\GAME3001_A3_AyottePaul\src\CollisionManager.cpp(58,43): warning C4244: 'initializing': conversion from 'int' to 'float', possible loss of data
C:\Users\swarl\Downloads\GAME3001-M2020-Lab10-Starter\GAME3001_A3_AyottePaul\src\CollisionManager.cpp(58,23): warning C4244: 'initializing': conversion from 'int' to 'const float', possible loss of data
C:\Users\swarl\Downloads\GAME3001-M2020-Lab10-Starter\GAME3001_A3_AyottePaul\src\CollisionManager.cpp(59,41): warning C4244: 'initializing': conversion from 'int' to 'float', possible loss of data
C:\Users\swarl\Downloads\GAME3001-M2020-Lab10-Starter\GAME3001_A3_AyottePaul\src\CollisionManager.cpp(59,22): warning C4244: 'initializing': conversion from 'int' to 'const float', possible loss of data
C:\Users\swarl\Downloads\GAME3001-M2020-Lab10-Starter\GAME3001_A3_AyottePaul\src\CollisionManager.cpp(60,43): warning C4244: 'initializing': conversion from 'int' to 'float', possible loss of data
C:\Users\swarl\Downloads\GAME3001-M2020-Lab10-Starter\GAME3001_A3_AyottePaul\src\CollisionManager.cpp(60,23): warning C4244: 'initializing': conversion from 'int' to 'const float', possible loss of data
C:\Users\swarl\Downloads\GAME3001-M2020-Lab10-Starter\GAME3001_A3_AyottePaul\src\CollisionManager.cpp(178,9): warning C4244: 'return': conversion from 'float' to 'int', possible loss of data
C:\Users\swarl\Downloads\GAME3001-M2020-Lab10-Starter\GAME3001_A3_AyottePaul\src\CollisionManager.cpp(187,36): warning C4244: 'initializing': conversion from 'float' to 'int', possible loss of data
C:\Users\swarl\Downloads\GAME3001-M2020-Lab10-Starter\GAME3001_A3_AyottePaul\src\CollisionManager.cpp(187,25): warning C4244: 'initializing': conversion from 'float' to 'const int', possible loss of data
C:\Users\swarl\Downloads\GAME3001-M2020-Lab10-Starter\GAME3001_A3_AyottePaul\src\CollisionManager.cpp(189,38): warning C4244: 'initializing': conversion from 'float' to 'int', possible loss of data
C:\Users\swarl\Downloads\GAME3001-M2020-Lab10-Starter\GAME3001_A3_AyottePaul\src\CollisionManager.cpp(189,26): warning C4244: 'initializing': conversion from 'float' to 'const int', possible loss of data
C:\Users\swarl\Downloads\GAME3001-M2020-Lab10-Starter\GAME3001_A3_AyottePaul\src\CollisionManager.cpp(192,60): warning C4244: 'argument': conversion from 'const int' to 'float', possible loss of data
C:\Users\swarl\Downloads\GAME3001-M2020-Lab10-Starter\GAME3001_A3_AyottePaul\src\CollisionManager.cpp(192,50): warning C4244: 'argument': conversion from 'const int' to 'float', possible loss of data
C:\Users\swarl\Downloads\GAME3001-M2020-Lab10-Starter\GAME3001_A3_AyottePaul\src\CollisionManager.cpp(217,36): warning C4244: 'initializing': conversion from 'float' to 'int', possible loss of data
C:\Users\swarl\Downloads\GAME3001-M2020-Lab10-Starter\GAME3001_A3_AyottePaul\src\CollisionManager.cpp(217,25): warning C4244: 'initializing': conversion from 'float' to 'const int', possible loss of data
C:\Users\swarl\Downloads\GAME3001-M2020-Lab10-Starter\GAME3001_A3_AyottePaul\src\CollisionManager.cpp(219,38): warning C4244: 'initializing': conversion from 'float' to 'int', possible loss of data
C:\Users\swarl\Downloads\GAME3001-M2020-Lab10-Starter\GAME3001_A3_AyottePaul\src\CollisionManager.cpp(219,26): warning C4244: 'initializing': conversion from 'float' to 'const int', possible loss of data
C:\Users\swarl\Downloads\GAME3001-M2020-Lab10-Starter\GAME3001_A3_AyottePaul\src\CollisionManager.cpp(222,60): warning C4244: 'argument': conversion from 'const int' to 'float', possible loss of data
C:\Users\swarl\Downloads\GAME3001-M2020-Lab10-Starter\GAME3001_A3_AyottePaul\src\CollisionManager.cpp(222,50): warning C4244: 'argument': conversion from 'const int' to 'float', possible loss of data
C:\Users\swarl\Downloads\GAME3001-M2020-Lab10-Starter\GAME3001_A3_AyottePaul\src\CollisionManager.cpp(239,19): warning C4244: 'return': conversion from '_Ty' to 'int', possible loss of data
          with
          [
              _Ty=float
          ]
C:\Users\swarl\Downloads\GAME3001-M2020-Lab10-Starter\GAME3001_A3_AyottePaul\src\CollisionManager.cpp(246,35): warning C4244: 'initializing': conversion from 'const _Ty' to 'int', possible loss of data
          with
          [
              _Ty=float
          ]
C:\Users\swarl\Downloads\GAME3001-M2020-Lab10-Starter\GAME3001_A3_AyottePaul\src\CollisionManager.cpp(246,25): warning C4244: 'initializing': conversion from 'const _Ty' to 'const int', possible loss of data
          with
          [
              _Ty=float
          ]
C:\Users\swarl\Downloads\GAME3001-M2020-Lab10-Starter\GAME3001_A3_AyottePaul\src\CollisionManager.cpp(249,19): warning C4244: 'initializing': conversion from 'float' to 'int', possible loss of data
C:\Users\swarl\Downloads\GAME3001-M2020-Lab10-Starter\GAME3001_A3_AyottePaul\src\CollisionManager.cpp(251,20): warning C4244: 'initializing': conversion from 'float' to 'int', possible loss of data
C:\Users\swarl\Downloads\GAME3001-M2020-Lab10-Starter\GAME3001_A3_AyottePaul\src\CollisionManager.cpp(328,38): warning C4244: 'initializing': conversion from 'double' to 'float', possible loss of data
C:\Users\swarl\Downloads\GAME3001-M2020-Lab10-Starter\GAME3001_A3_AyottePaul\src\CollisionManager.cpp(328,23): warning C4244: 'initializing': conversion from 'double' to 'const float', possible loss of data
C:\Users\swarl\Downloads\GAME3001-M2020-Lab10-Starter\GAME3001_A3_AyottePaul\src\CollisionManager.cpp(329,38): warning C4244: 'initializing': conversion from 'double' to 'float', possible loss of data
C:\Users\swarl\Downloads\GAME3001-M2020-Lab10-Starter\GAME3001_A3_AyottePaul\src\CollisionManager.cpp(329,23): warning C4244: 'initializing': conversion from 'double' to 'const float', possible loss of data
  Obstacle.cpp
C:\Users\swarl\Downloads\GAME3001-M2020-Lab10-Starter\GAME3001_A3_AyottePaul\src\Obstacle.cpp(10,15): warning C4244: 'argument': conversion from 'const T' to 'int', possible loss of data
          with
          [
              T=float
          ]
C:\Users\swarl\Downloads\GAME3001-M2020-Lab10-Starter\GAME3001_A3_AyottePaul\src\Obstacle.cpp(11,16): warning C4244: 'argument': conversion from 'const T' to 'int', possible loss of data
          with
          [
              T=float
          ]
C:\Users\swarl\Downloads\GAME3001-M2020-Lab10-Starter\GAME3001_A3_AyottePaul\src\Obstacle.cpp(29,50): warning C4244: 'argument': conversion from 'const T' to 'int', possible loss of data
          with
          [
              T=float
          ]
C:\Users\swarl\Downloads\GAME3001-M2020-Lab10-Starter\GAME3001_A3_AyottePaul\src\Obstacle.cpp(29,47): warning C4244: 'argument': conversion from 'const T' to 'int', possible loss of data
          with
          [
              T=float
          ]
  PathNode.cpp
  Sprite.cpp
  UIControl.cpp
C:\Users\swarl\Downloads\GAME3001-M2020-Lab10-Starter\GAME3001_A3_AyottePaul\src\UIControl.cpp(33,101): warning C4244: 'argument': conversion from 'int' to 'float', possible loss of data
C:\Users\swarl\Downloads\GAME3001-M2020-Lab10-Starter\GAME3001_A3_AyottePaul\src\UIControl.cpp(33,88): warning C4244: 'argument': conversion from 'int' to 'float', possible loss of data
  DisplayObject.cpp
  EndScene.cpp
  FontManager.cpp
  Game.cpp
  GameController.cpp
  GameObject.cpp
  Label.cpp
C:\Users\swarl\Downloads\GAME3001-M2020-Lab10-Starter\GAME3001_A3_AyottePaul\src\Label.cpp(15,15): warning C4244: 'argument': conversion from 'const T' to 'int', possible loss of data
          with
          [
              T=float
          ]
C:\Users\swarl\Downloads\GAME3001-M2020-Lab10-Starter\GAME3001_A3_AyottePaul\src\Label.cpp(16,16): warning C4244: 'argument': conversion from 'const T' to 'int', possible loss of data
          with
          [
              T=float
          ]
C:\Users\swarl\Downloads\GAME3001-M2020-Lab10-Starter\GAME3001_A3_AyottePaul\src\Label.cpp(30,52): warning C4244: 'argument': conversion from 'const T' to 'int', possible loss of data
          with
          [
              T=float
          ]
C:\Users\swarl\Downloads\GAME3001-M2020-Lab10-Starter\GAME3001_A3_AyottePaul\src\Label.cpp(30,49): warning C4244: 'argument': conversion from 'const T' to 'int', possible loss of data
          with
          [
              T=float
          ]
C:\Users\swarl\Downloads\GAME3001-M2020-Lab10-Starter\GAME3001_A3_AyottePaul\src\Label.cpp(52,15): warning C4244: 'argument': conversion from 'const T' to 'int', possible loss of data
          with
          [
              T=float
          ]
C:\Users\swarl\Downloads\GAME3001-M2020-Lab10-Starter\GAME3001_A3_AyottePaul\src\Label.cpp(53,16): warning C4244: 'argument': conversion from 'const T' to 'int', possible loss of data
          with
          [
              T=float
          ]
C:\Users\swarl\Downloads\GAME3001-M2020-Lab10-Starter\GAME3001_A3_AyottePaul\src\Label.cpp(71,15): warning C4244: 'argument': conversion from 'const T' to 'int', possible loss of data
          with
          [
              T=float
          ]
C:\Users\swarl\Downloads\GAME3001-M2020-Lab10-Starter\GAME3001_A3_AyottePaul\src\Label.cpp(72,16): warning C4244: 'argument': conversion from 'const T' to 'int', possible loss of data
          with
          [
              T=float
          ]
  PlayScene.cpp
C:\Users\swarl\Downloads\GAME3001-M2020-Lab10-Starter\GAME3001_A3_AyottePaul\src\PlayScene.cpp(245,65): error C2227: left of '->getLOS' must point to class/struct/union/generic type
C:\Users\swarl\Downloads\GAME3001-M2020-Lab10-Starter\GAME3001_A3_AyottePaul\src\PlayScene.cpp(245,65): message : type is 'bool'
C:\Users\swarl\Downloads\GAME3001-M2020-Lab10-Starter\GAME3001_A3_AyottePaul\src\PlayScene.cpp(245,67): error C2059: syntax error: ')'
C:\Users\swarl\Downloads\GAME3001-M2020-Lab10-Starter\GAME3001_A3_AyottePaul\src\PlayScene.cpp(247,51): error C2065: 'col': undeclared identifier
C:\Users\swarl\Downloads\GAME3001-M2020-Lab10-Starter\GAME3001_A3_AyottePaul\src\PlayScene.cpp(247,126): error C2065: 'col': undeclared identifier
C:\Users\swarl\Downloads\GAME3001-M2020-Lab10-Starter\GAME3001_A3_AyottePaul\src\PlayScene.cpp(247,183): error C2065: 'col': undeclared identifier
C:\Users\swarl\Downloads\GAME3001-M2020-Lab10-Starter\GAME3001_A3_AyottePaul\src\PlayScene.cpp(250,51): error C2065: 'col': undeclared identifier
C:\Users\swarl\Downloads\GAME3001-M2020-Lab10-Starter\GAME3001_A3_AyottePaul\src\PlayScene.cpp(251,10): error C2146: syntax error: missing ')' before identifier 'colour'
C:\Users\swarl\Downloads\GAME3001-M2020-Lab10-Starter\GAME3001_A3_AyottePaul\src\PlayScene.cpp(251,10): error C2146: syntax error: missing ';' before identifier 'colour'
C:\Users\swarl\Downloads\GAME3001-M2020-Lab10-Starter\GAME3001_A3_AyottePaul\src\PlayScene.cpp(251,16): error C2059: syntax error: ')'
C:\Users\swarl\Downloads\GAME3001-M2020-Lab10-Starter\GAME3001_A3_AyottePaul\src\PlayScene.cpp(251,10): error C2065: 'colour': undeclared identifier
C:\Users\swarl\Downloads\GAME3001-M2020-Lab10-Starter\GAME3001_A3_AyottePaul\src\PlayScene.cpp(280,46): error C2761: 'void PlayScene::m_buildClockwisePatrolPath(void)': redeclaration of member is not allowed
C:\Users\swarl\Downloads\GAME3001-M2020-Lab10-Starter\GAME3001_A3_AyottePaul\src\PlayScene.cpp(282,2): error C2059: syntax error: 'for'
C:\Users\swarl\Downloads\GAME3001-M2020-Lab10-Starter\GAME3001_A3_AyottePaul\src\PlayScene.cpp(282,21): error C2143: syntax error: missing ')' before ';'
C:\Users\swarl\Downloads\GAME3001-M2020-Lab10-Starter\GAME3001_A3_AyottePaul\src\PlayScene.cpp(282,21): error C2143: syntax error: missing ';' before '<'
C:\Users\swarl\Downloads\GAME3001-M2020-Lab10-Starter\GAME3001_A3_AyottePaul\src\PlayScene.cpp(282,21): error C4430: missing type specifier - int assumed. Note: C++ does not support default-int
C:\Users\swarl\Downloads\GAME3001-M2020-Lab10-Starter\GAME3001_A3_AyottePaul\src\PlayScene.cpp(282,41): error C2143: syntax error: missing ';' before '++'
C:\Users\swarl\Downloads\GAME3001-M2020-Lab10-Starter\GAME3001_A3_AyottePaul\src\PlayScene.cpp(282,41): error C4430: missing type specifier - int assumed. Note: C++ does not support default-int
C:\Users\swarl\Downloads\GAME3001-M2020-Lab10-Starter\GAME3001_A3_AyottePaul\src\PlayScene.cpp(282,40): error C2086: 'int i': redefinition
C:\Users\swarl\Downloads\GAME3001-M2020-Lab10-Starter\GAME3001_A3_AyottePaul\src\PlayScene.cpp(282): message : see declaration of 'i'
C:\Users\swarl\Downloads\GAME3001-M2020-Lab10-Starter\GAME3001_A3_AyottePaul\src\PlayScene.cpp(282,43): error C2059: syntax error: ')'
C:\Users\swarl\Downloads\GAME3001-M2020-Lab10-Starter\GAME3001_A3_AyottePaul\src\PlayScene.cpp(283,2): error C2143: syntax error: missing ';' before '{'
C:\Users\swarl\Downloads\GAME3001-M2020-Lab10-Starter\GAME3001_A3_AyottePaul\src\PlayScene.cpp(283,2): error C2447: '{': missing function header (old-style formal list?)
C:\Users\swarl\Downloads\GAME3001-M2020-Lab10-Starter\GAME3001_A3_AyottePaul\src\PlayScene.cpp(289,2): error C2059: syntax error: 'for'
C:\Users\swarl\Downloads\GAME3001-M2020-Lab10-Starter\GAME3001_A3_AyottePaul\src\PlayScene.cpp(289,21): error C2143: syntax error: missing ')' before ';'
C:\Users\swarl\Downloads\GAME3001-M2020-Lab10-Starter\GAME3001_A3_AyottePaul\src\PlayScene.cpp(289,21): error C2143: syntax error: missing ';' before '<'
C:\Users\swarl\Downloads\GAME3001-M2020-Lab10-Starter\GAME3001_A3_AyottePaul\src\PlayScene.cpp(289,21): error C4430: missing type specifier - int assumed. Note: C++ does not support default-int
C:\Users\swarl\Downloads\GAME3001-M2020-Lab10-Starter\GAME3001_A3_AyottePaul\src\PlayScene.cpp(289,19): error C2086: 'int i': redefinition
C:\Users\swarl\Downloads\GAME3001-M2020-Lab10-Starter\GAME3001_A3_AyottePaul\src\PlayScene.cpp(282): message : see declaration of 'i'
C:\Users\swarl\Downloads\GAME3001-M2020-Lab10-Starter\GAME3001_A3_AyottePaul\src\PlayScene.cpp(289,41): error C2143: syntax error: missing ';' before '++'
C:\Users\swarl\Downloads\GAME3001-M2020-Lab10-Starter\GAME3001_A3_AyottePaul\src\PlayScene.cpp(289,41): error C4430: missing type specifier - int assumed. Note: C++ does not support default-int
C:\Users\swarl\Downloads\GAME3001-M2020-Lab10-Starter\GAME3001_A3_AyottePaul\src\PlayScene.cpp(289,40): error C2086: 'int i': redefinition
C:\Users\swarl\Downloads\GAME3001-M2020-Lab10-Starter\GAME3001_A3_AyottePaul\src\PlayScene.cpp(282): message : see declaration of 'i'
C:\Users\swarl\Downloads\GAME3001-M2020-Lab10-Starter\GAME3001_A3_AyottePaul\src\PlayScene.cpp(289,43): error C2059: syntax error: ')'
C:\Users\swarl\Downloads\GAME3001-M2020-Lab10-Starter\GAME3001_A3_AyottePaul\src\PlayScene.cpp(290,2): error C2143: syntax error: missing ';' before '{'
C:\Users\swarl\Downloads\GAME3001-M2020-Lab10-Starter\GAME3001_A3_AyottePaul\src\PlayScene.cpp(290,2): error C2447: '{': missing function header (old-style formal list?)
C:\Users\swarl\Downloads\GAME3001-M2020-Lab10-Starter\GAME3001_A3_AyottePaul\src\PlayScene.cpp(296,2): error C2059: syntax error: 'for'
C:\Users\swarl\Downloads\GAME3001-M2020-Lab10-Starter\GAME3001_A3_AyottePaul\src\PlayScene.cpp(296,17): error C2143: syntax error: missing ')' before ';'
C:\Users\swarl\Downloads\GAME3001-M2020-Lab10-Starter\GAME3001_A3_AyottePaul\src\PlayScene.cpp(296,21): error C2143: syntax error: missing ';' before '<'
C:\Users\swarl\Downloads\GAME3001-M2020-Lab10-Starter\GAME3001_A3_AyottePaul\src\PlayScene.cpp(296,21): error C4430: missing type specifier - int assumed. Note: C++ does not support default-int
C:\Users\swarl\Downloads\GAME3001-M2020-Lab10-Starter\GAME3001_A3_AyottePaul\src\PlayScene.cpp(296,19): error C2086: 'int i': redefinition
C:\Users\swarl\Downloads\GAME3001-M2020-Lab10-Starter\GAME3001_A3_AyottePaul\src\PlayScene.cpp(282): message : see declaration of 'i'
C:\Users\swarl\Downloads\GAME3001-M2020-Lab10-Starter\GAME3001_A3_AyottePaul\src\PlayScene.cpp(296,41): error C2143: syntax error: missing ';' before '++'
C:\Users\swarl\Downloads\GAME3001-M2020-Lab10-Starter\GAME3001_A3_AyottePaul\src\PlayScene.cpp(296,41): error C4430: missing type specifier - int assumed. Note: C++ does not support default-int
C:\Users\swarl\Downloads\GAME3001-M2020-Lab10-Starter\GAME3001_A3_AyottePaul\src\PlayScene.cpp(296,40): error C2086: 'int i': redefinition
C:\Users\swarl\Downloads\GAME3001-M2020-Lab10-Starter\GAME3001_A3_AyottePaul\src\PlayScene.cpp(282): message : see declaration of 'i'
C:\Users\swarl\Downloads\GAME3001-M2020-Lab10-Starter\GAME3001_A3_AyottePaul\src\PlayScene.cpp(296,43): error C2059: syntax error: ')'
C:\Users\swarl\Downloads\GAME3001-M2020-Lab10-Starter\GAME3001_A3_AyottePaul\src\PlayScene.cpp(298,2): error C2143: syntax error: missing ';' before '{'
C:\Users\swarl\Downloads\GAME3001-M2020-Lab10-Starter\GAME3001_A3_AyottePaul\src\PlayScene.cpp(298,2): error C2447: '{': missing function header (old-style formal list?)
C:\Users\swarl\Downloads\GAME3001-M2020-Lab10-Starter\GAME3001_A3_AyottePaul\src\PlayScene.cpp(304,2): error C2059: syntax error: 'for'
C:\Users\swarl\Downloads\GAME3001-M2020-Lab10-Starter\GAME3001_A3_AyottePaul\src\PlayScene.cpp(304,39): error C2143: syntax error: missing ')' before ';'
C:\Users\swarl\Downloads\GAME3001-M2020-Lab10-Starter\GAME3001_A3_AyottePaul\src\PlayScene.cpp(304,39): error C4430: missing type specifier - int assumed. Note: C++ does not support default-int
C:\Users\swarl\Downloads\GAME3001-M2020-Lab10-Starter\GAME3001_A3_AyottePaul\src\PlayScene.cpp(304,37): error C2086: 'int i': redefinition
C:\Users\swarl\Downloads\GAME3001-M2020-Lab10-Starter\GAME3001_A3_AyottePaul\src\PlayScene.cpp(282): message : see declaration of 'i'
C:\Users\swarl\Downloads\GAME3001-M2020-Lab10-Starter\GAME3001_A3_AyottePaul\src\PlayScene.cpp(304,39): error C2059: syntax error: '>'
C:\Users\swarl\Downloads\GAME3001-M2020-Lab10-Starter\GAME3001_A3_AyottePaul\src\PlayScene.cpp(304,45): error C2143: syntax error: missing ';' before '--'
C:\Users\swarl\Downloads\GAME3001-M2020-Lab10-Starter\GAME3001_A3_AyottePaul\src\PlayScene.cpp(304,45): error C4430: missing type specifier - int assumed. Note: C++ does not support default-int
C:\Users\swarl\Downloads\GAME3001-M2020-Lab10-Starter\GAME3001_A3_AyottePaul\src\PlayScene.cpp(304,44): error C2086: 'int i': redefinition
C:\Users\swarl\Downloads\GAME3001-M2020-Lab10-Starter\GAME3001_A3_AyottePaul\src\PlayScene.cpp(282): message : see declaration of 'i'
C:\Users\swarl\Downloads\GAME3001-M2020-Lab10-Starter\GAME3001_A3_AyottePaul\src\PlayScene.cpp(304,47): error C2059: syntax error: ')'
C:\Users\swarl\Downloads\GAME3001-M2020-Lab10-Starter\GAME3001_A3_AyottePaul\src\PlayScene.cpp(305,2): error C2143: syntax error: missing ';' before '{'
C:\Users\swarl\Downloads\GAME3001-M2020-Lab10-Starter\GAME3001_A3_AyottePaul\src\PlayScene.cpp(305,2): error C2447: '{': missing function header (old-style formal list?)
C:\Users\swarl\Downloads\GAME3001-M2020-Lab10-Starter\GAME3001_A3_AyottePaul\src\PlayScene.cpp(310,1): error C2059: syntax error: '}'
C:\Users\swarl\Downloads\GAME3001-M2020-Lab10-Starter\GAME3001_A3_AyottePaul\src\PlayScene.cpp(310,1): error C2143: syntax error: missing ';' before '}'
C:\Users\swarl\Downloads\GAME3001-M2020-Lab10-Starter\GAME3001_A3_AyottePaul\src\PlayScene.cpp(314,1): error C2143: syntax error: missing ';' before '{'
C:\Users\swarl\Downloads\GAME3001-M2020-Lab10-Starter\GAME3001_A3_AyottePaul\src\PlayScene.cpp(314,1): error C2447: '{': missing function header (old-style formal list?)
C:\Users\swarl\Downloads\GAME3001-M2020-Lab10-Starter\GAME3001_A3_AyottePaul\src\PlayScene.cpp(325,17): error C2039: 'm_movePlanetoTargetMode': is not a member of 'PlayScene'
C:\Users\swarl\Downloads\GAME3001-M2020-Lab10-Starter\GAME3001_A3_AyottePaul\src\PlayScene.h(13): message : see declaration of 'PlayScene'
C:\Users\swarl\Downloads\GAME3001-M2020-Lab10-Starter\GAME3001_A3_AyottePaul\src\PlayScene.cpp(327,5): error C2065: 'm_bPatrolMode': undeclared identifier
C:\Users\swarl\Downloads\GAME3001-M2020-Lab10-Starter\GAME3001_A3_AyottePaul\src\PlayScene.cpp(329,3): error C2065: 'm_pTargetPathNode': undeclared identifier
C:\Users\swarl\Downloads\GAME3001-M2020-Lab10-Starter\GAME3001_A3_AyottePaul\src\PlayScene.cpp(329,23): error C2065: 'm_pPatrolPath': undeclared identifier
C:\Users\swarl\Downloads\GAME3001-M2020-Lab10-Starter\GAME3001_A3_AyottePaul\src\PlayScene.cpp(329,37): error C2065: 'm_TargetPathNodeIndex': undeclared identifier
C:\Users\swarl\Downloads\GAME3001-M2020-Lab10-Starter\GAME3001_A3_AyottePaul\src\PlayScene.cpp(330,38): error C2065: 'm_pTargetPathNode': undeclared identifier
C:\Users\swarl\Downloads\GAME3001-M2020-Lab10-Starter\GAME3001_A3_AyottePaul\src\PlayScene.cpp(330,74): error C2059: syntax error: '-'
C:\Users\swarl\Downloads\GAME3001-M2020-Lab10-Starter\GAME3001_A3_AyottePaul\src\PlayScene.cpp(334,38): error C2227: left of '->normalize' must point to class/struct/union/generic type
C:\Users\swarl\Downloads\GAME3001-M2020-Lab10-Starter\GAME3001_A3_AyottePaul\src\PlayScene.cpp(334,85): error C2065: 'm_pPlaneSprite': undeclared identifier
C:\Users\swarl\Downloads\GAME3001-M2020-Lab10-Starter\GAME3001_A3_AyottePaul\src\PlayScene.cpp(334,101): error C2059: syntax error: '('
C:\Users\swarl\Downloads\GAME3001-M2020-Lab10-Starter\GAME3001_A3_AyottePaul\src\PlayScene.cpp(338,4): error C2143: syntax error: missing ';' before '{'
C:\Users\swarl\Downloads\GAME3001-M2020-Lab10-Starter\GAME3001_A3_AyottePaul\src\PlayScene.cpp(344,4): error C2181: illegal else without matching if
C:\Users\swarl\Downloads\GAME3001-M2020-Lab10-Starter\GAME3001_A3_AyottePaul\src\PlayScene.cpp(344,12): error C3536: 'targetVector': cannot be used before it is initialized
C:\Users\swarl\Downloads\GAME3001-M2020-Lab10-Starter\GAME3001_A3_AyottePaul\src\PlayScene.cpp(347,4): error C2065: 'm_pPlaneSprite': undeclared identifier
C:\Users\swarl\Downloads\GAME3001-M2020-Lab10-Starter\GAME3001_A3_AyottePaul\src\PlayScene.cpp(355,5): error C2065: 'm_pPlaneSprite': undeclared identifier
C:\Users\swarl\Downloads\GAME3001-M2020-Lab10-Starter\GAME3001_A3_AyottePaul\src\PlayScene.cpp(362,5): error C2065: 'm_pPlaneSprite': undeclared identifier
C:\Users\swarl\Downloads\GAME3001-M2020-Lab10-Starter\GAME3001_A3_AyottePaul\src\PlayScene.cpp(368,2): error C2065: 'm_pPlaneSprite': undeclared identifier
C:\Users\swarl\Downloads\GAME3001-M2020-Lab10-Starter\GAME3001_A3_AyottePaul\src\PlayScene.cpp(368,57): error C3536: 'targetVector': cannot be used before it is initialized
C:\Users\swarl\Downloads\GAME3001-M2020-Lab10-Starter\GAME3001_A3_AyottePaul\src\PlayScene.cpp(369,2): error C2065: 'm_pPlaneSprite': undeclared identifier
C:\Users\swarl\Downloads\GAME3001-M2020-Lab10-Starter\GAME3001_A3_AyottePaul\src\PlayScene.cpp(369,46): error C2065: 'm_pPlaneSprite': undeclared identifier
C:\Users\swarl\Downloads\GAME3001-M2020-Lab10-Starter\GAME3001_A3_AyottePaul\src\PlayScene.cpp(369,105): error C2065: 'm_pPlaneSprite': undeclared identifier
C:\Users\swarl\Downloads\GAME3001-M2020-Lab10-Starter\GAME3001_A3_AyottePaul\src\PlayScene.cpp(370,6): error C2065: 'm_pPlaneSprite': undeclared identifier
C:\Users\swarl\Downloads\GAME3001-M2020-Lab10-Starter\GAME3001_A3_AyottePaul\src\PlayScene.cpp(370,50): error C2065: 'm_pTargetPathNode': undeclared identifier
C:\Users\swarl\Downloads\GAME3001-M2020-Lab10-Starter\GAME3001_A3_AyottePaul\src\PlayScene.cpp(373,3): error C2065: 'm_targetPathNodeIndex': undeclared identifier
C:\Users\swarl\Downloads\GAME3001-M2020-Lab10-Starter\GAME3001_A3_AyottePaul\src\PlayScene.cpp(374,7): error C2065: 'm_targetPathNodeIndex': undeclared identifier
C:\Users\swarl\Downloads\GAME3001-M2020-Lab10-Starter\GAME3001_A3_AyottePaul\src\PlayScene.cpp(374,31): error C2065: 'm_Patrol': undeclared identifier
C:\Users\swarl\Downloads\GAME3001-M2020-Lab10-Starter\GAME3001_A3_AyottePaul\src\PlayScene.cpp(376,4): error C2065: 'm_targetPathNodeIndex': undeclared identifier
C:\Users\swarl\Downloads\GAME3001-M2020-Lab10-Starter\GAME3001_A3_AyottePaul\src\PlayScene.cpp(383,1): error C2143: syntax error: missing ';' before '}'
C:\Users\swarl\Downloads\GAME3001-M2020-Lab10-Starter\GAME3001_A3_AyottePaul\src\PlayScene.cpp(406,1): fatal error C1004: unexpected end-of-file found
  main.cpp
C:\Users\swarl\Downloads\GAME3001-M2020-Lab10-Starter\GAME3001_A3_AyottePaul\src\main.cpp(9,32): warning C4244: 'initializing': conversion from 'float' to 'int', possible loss of data
  Plane.cpp
C:\Users\swarl\Downloads\GAME3001-M2020-Lab10-Starter\GAME3001_A3_AyottePaul\src\Plane.cpp(40,6): warning C4244: 'argument': conversion from 'const T' to 'int', possible loss of data
          with
          [
              T=float
          ]
C:\Users\swarl\Downloads\GAME3001-M2020-Lab10-Starter\GAME3001_A3_AyottePaul\src\Plane.cpp(40,3): warning C4244: 'argument': conversion from 'const T' to 'int', possible loss of data
          with
          [
              T=float
          ]
  Player.cpp
C:\Users\swarl\Downloads\GAME3001-M2020-Lab10-Starter\GAME3001_A3_AyottePaul\src\Player.cpp(43,7): warning C4244: 'argument': conversion from 'const T' to 'int', possible loss of data
          with
          [
              T=float
          ]
C:\Users\swarl\Downloads\GAME3001-M2020-Lab10-Starter\GAME3001_A3_AyottePaul\src\Player.cpp(43,4): warning C4244: 'argument': conversion from 'const T' to 'int', possible loss of data
          with
          [
              T=float
          ]
C:\Users\swarl\Downloads\GAME3001-M2020-Lab10-Starter\GAME3001_A3_AyottePaul\src\Player.cpp(47,7): warning C4244: 'argument': conversion from 'const T' to 'int', possible loss of data
          with
          [
              T=float
          ]
C:\Users\swarl\Downloads\GAME3001-M2020-Lab10-Starter\GAME3001_A3_AyottePaul\src\Player.cpp(47,4): warning C4244: 'argument': conversion from 'const T' to 'int', possible loss of data
          with
          [
              T=float
          ]
C:\Users\swarl\Downloads\GAME3001-M2020-Lab10-Starter\GAME3001_A3_AyottePaul\src\Player.cpp(51,7): warning C4244: 'argument': conversion from 'const T' to 'int', possible loss of data
          with
          [
              T=float
          ]
C:\Users\swarl\Downloads\GAME3001-M2020-Lab10-Starter\GAME3001_A3_AyottePaul\src\Player.cpp(51,4): warning C4244: 'argument': conversion from 'const T' to 'int', possible loss of data
          with
          [
              T=float
          ]
C:\Users\swarl\Downloads\GAME3001-M2020-Lab10-Starter\GAME3001_A3_AyottePaul\src\Player.cpp(55,7): warning C4244: 'argument': conversion from 'const T' to 'int', possible loss of data
          with
          [
              T=float
          ]
C:\Users\swarl\Downloads\GAME3001-M2020-Lab10-Starter\GAME3001_A3_AyottePaul\src\Player.cpp(55,4): warning C4244: 'argument': conversion from 'const T' to 'int', possible loss of data
          with
          [
              T=float
          ]
  Renderer.cpp
  Scene.cpp
C:\Users\swarl\Downloads\GAME3001-M2020-Lab10-Starter\GAME3001_A3_AyottePaul\src\Scene.cpp(20,28): warning C4018: '<': signed/unsigned mismatch
C:\Users\swarl\Downloads\GAME3001-M2020-Lab10-Starter\GAME3001_A3_AyottePaul\src\Scene.cpp(38,29): warning C4018: '<': signed/unsigned mismatch
C:\Users\swarl\Downloads\GAME3001-M2020-Lab10-Starter\GAME3001_A3_AyottePaul\src\Scene.cpp(49,29): warning C4018: '<': signed/unsigned mismatch
  ship.cpp
C:\Users\swarl\Downloads\GAME3001-M2020-Lab10-Starter\GAME3001_A3_AyottePaul\src\ship.cpp(12,15): warning C4244: 'argument': conversion from 'T' to 'int', possible loss of data
          with
          [
              T=float
          ]
C:\Users\swarl\Downloads\GAME3001-M2020-Lab10-Starter\GAME3001_A3_AyottePaul\src\ship.cpp(13,16): warning C4244: 'argument': conversion from 'T' to 'int', possible loss of data
          with
          [
              T=float
          ]
C:\Users\swarl\Downloads\GAME3001-M2020-Lab10-Starter\GAME3001_A3_AyottePaul\src\ship.cpp(37,46): warning C4244: 'argument': conversion from 'const T' to 'int', possible loss of data
          with
          [
              T=float
          ]
C:\Users\swarl\Downloads\GAME3001-M2020-Lab10-Starter\GAME3001_A3_AyottePaul\src\ship.cpp(37,43): warning C4244: 'argument': conversion from 'const T' to 'int', possible loss of data
          with
          [
              T=float
          ]
C:\Users\swarl\Downloads\GAME3001-M2020-Lab10-Starter\GAME3001_A3_AyottePaul\src\ship.cpp(149,35): warning C4244: 'initializing': conversion from 'float' to 'int', possible loss of data
C:\Users\swarl\Downloads\GAME3001-M2020-Lab10-Starter\GAME3001_A3_AyottePaul\src\ship.cpp(149,22): warning C4244: 'initializing': conversion from 'float' to 'const int', possible loss of data
  Generating Code...
  Compiling...
  SoundManager.cpp
C:\Users\swarl\Downloads\GAME3001-M2020-Lab10-Starter\GAME3001_A3_AyottePaul\src\SoundManager.cpp(146,27): warning C4244: 'initializing': conversion from '_Ty' to 'int', possible loss of data
          with
          [
              _Ty=double
          ]
C:\Users\swarl\Downloads\GAME3001-M2020-Lab10-Starter\GAME3001_A3_AyottePaul\src\SoundManager.cpp(146,20): warning C4244: 'initializing': conversion from '_Ty' to 'const int', possible loss of data
          with
          [
              _Ty=double
          ]
C:\Users\swarl\Downloads\GAME3001-M2020-Lab10-Starter\GAME3001_A3_AyottePaul\src\SoundManager.cpp(148,28): warning C4244: 'initializing': conversion from '_Ty' to 'int', possible loss of data
          with
          [
              _Ty=double
          ]
C:\Users\swarl\Downloads\GAME3001-M2020-Lab10-Starter\GAME3001_A3_AyottePaul\src\SoundManager.cpp(148,21): warning C4244: 'initializing': conversion from '_Ty' to 'const int', possible loss of data
          with
          [
              _Ty=double
          ]
  EventManager.cpp
C:\Users\swarl\Downloads\GAME3001-M2020-Lab10-Starter\GAME3001_A3_AyottePaul\src\EventManager.cpp(76,29): warning C4018: '<': signed/unsigned mismatch
C:\Users\swarl\Downloads\GAME3001-M2020-Lab10-Starter\GAME3001_A3_AyottePaul\src\EventManager.cpp(133,37): warning C4244: '=': conversion from 'Sint32' to 'T', possible loss of data
          with
          [
              T=float
          ]
C:\Users\swarl\Downloads\GAME3001-M2020-Lab10-Starter\GAME3001_A3_AyottePaul\src\EventManager.cpp(134,37): warning C4244: '=': conversion from 'Sint32' to 'T', possible loss of data
          with
          [
              T=float
          ]
  SpriteSheet.cpp
  StartScene.cpp
  Target.cpp
C:\Users\swarl\Downloads\GAME3001-M2020-Lab10-Starter\GAME3001_A3_AyottePaul\src\Target.cpp(10,15): warning C4244: 'argument': conversion from 'const T' to 'int', possible loss of data
          with
          [
              T=float
          ]
C:\Users\swarl\Downloads\GAME3001-M2020-Lab10-Starter\GAME3001_A3_AyottePaul\src\Target.cpp(11,16): warning C4244: 'argument': conversion from 'const T' to 'int', possible loss of data
          with
          [
              T=float
          ]
C:\Users\swarl\Downloads\GAME3001-M2020-Lab10-Starter\GAME3001_A3_AyottePaul\src\Target.cpp(29,48): warning C4244: 'argument': conversion from 'const T' to 'int', possible loss of data
          with
          [
              T=float
          ]
C:\Users\swarl\Downloads\GAME3001-M2020-Lab10-Starter\GAME3001_A3_AyottePaul\src\Target.cpp(29,45): warning C4244: 'argument': conversion from 'const T' to 'int', possible loss of data
          with
          [
              T=float
          ]
  TextureManager.cpp
C:\Users\swarl\Downloads\GAME3001-M2020-Lab10-Starter\GAME3001_A3_AyottePaul\src\TextureManager.cpp(137,36): warning C4244: 'initializing': conversion from 'double' to 'int', possible loss of data
C:\Users\swarl\Downloads\GAME3001-M2020-Lab10-Starter\GAME3001_A3_AyottePaul\src\TextureManager.cpp(137,21): warning C4244: 'initializing': conversion from 'double' to 'const int', possible loss of data
C:\Users\swarl\Downloads\GAME3001-M2020-Lab10-Starter\GAME3001_A3_AyottePaul\src\TextureManager.cpp(138,37): warning C4244: 'initializing': conversion from 'double' to 'int', possible loss of data
C:\Users\swarl\Downloads\GAME3001-M2020-Lab10-Starter\GAME3001_A3_AyottePaul\src\TextureManager.cpp(138,21): warning C4244: 'initializing': conversion from 'double' to 'const int', possible loss of data
C:\Users\swarl\Downloads\GAME3001-M2020-Lab10-Starter\GAME3001_A3_AyottePaul\src\TextureManager.cpp(180,36): warning C4244: 'initializing': conversion from 'double' to 'int', possible loss of data
C:\Users\swarl\Downloads\GAME3001-M2020-Lab10-Starter\GAME3001_A3_AyottePaul\src\TextureManager.cpp(180,21): warning C4244: 'initializing': conversion from 'double' to 'const int', possible loss of data
C:\Users\swarl\Downloads\GAME3001-M2020-Lab10-Starter\GAME3001_A3_AyottePaul\src\TextureManager.cpp(181,37): warning C4244: 'initializing': conversion from 'double' to 'int', possible loss of data
C:\Users\swarl\Downloads\GAME3001-M2020-Lab10-Starter\GAME3001_A3_AyottePaul\src\TextureManager.cpp(181,21): warning C4244: 'initializing': conversion from 'double' to 'const int', possible loss of data
C:\Users\swarl\Downloads\GAME3001-M2020-Lab10-Starter\GAME3001_A3_AyottePaul\src\TextureManager.cpp(197,34): warning C4244: 'initializing': conversion from 'float' to 'int', possible loss of data
C:\Users\swarl\Downloads\GAME3001-M2020-Lab10-Starter\GAME3001_A3_AyottePaul\src\TextureManager.cpp(197,26): warning C4244: 'initializing': conversion from 'float' to 'const int', possible loss of data
C:\Users\swarl\Downloads\GAME3001-M2020-Lab10-Starter\GAME3001_A3_AyottePaul\src\TextureManager.cpp(225,33): warning C4244: 'initializing': conversion from 'float' to 'int', possible loss of data
C:\Users\swarl\Downloads\GAME3001-M2020-Lab10-Starter\GAME3001_A3_AyottePaul\src\TextureManager.cpp(225,26): warning C4244: 'initializing': conversion from 'float' to 'const int', possible loss of data
C:\Users\swarl\Downloads\GAME3001-M2020-Lab10-Starter\GAME3001_A3_AyottePaul\src\TextureManager.cpp(232,32): warning C4018: '>': signed/unsigned mismatch
C:\Users\swarl\Downloads\GAME3001-M2020-Lab10-Starter\GAME3001_A3_AyottePaul\src\TextureManager.cpp(260,36): warning C4244: 'initializing': conversion from 'double' to 'int', possible loss of data
C:\Users\swarl\Downloads\GAME3001-M2020-Lab10-Starter\GAME3001_A3_AyottePaul\src\TextureManager.cpp(260,21): warning C4244: 'initializing': conversion from 'double' to 'const int', possible loss of data
C:\Users\swarl\Downloads\GAME3001-M2020-Lab10-Starter\GAME3001_A3_AyottePaul\src\TextureManager.cpp(261,37): warning C4244: 'initializing': conversion from 'double' to 'int', possible loss of data
C:\Users\swarl\Downloads\GAME3001-M2020-Lab10-Starter\GAME3001_A3_AyottePaul\src\TextureManager.cpp(261,21): warning C4244: 'initializing': conversion from 'double' to 'const int', possible loss of data
C:\Users\swarl\Downloads\GAME3001-M2020-Lab10-Starter\GAME3001_A3_AyottePaul\src\TextureManager.cpp(290,36): warning C4244: 'initializing': conversion from 'double' to 'int', possible loss of data
C:\Users\swarl\Downloads\GAME3001-M2020-Lab10-Starter\GAME3001_A3_AyottePaul\src\TextureManager.cpp(290,21): warning C4244: 'initializing': conversion from 'double' to 'const int', possible loss of data
C:\Users\swarl\Downloads\GAME3001-M2020-Lab10-Starter\GAME3001_A3_AyottePaul\src\TextureManager.cpp(291,37): warning C4244: 'initializing': conversion from 'double' to 'int', possible loss of data
C:\Users\swarl\Downloads\GAME3001-M2020-Lab10-Starter\GAME3001_A3_AyottePaul\src\TextureManager.cpp(291,21): warning C4244: 'initializing': conversion from 'double' to 'const int', possible loss of data
C:\Users\swarl\Downloads\GAME3001-M2020-Lab10-Starter\GAME3001_A3_AyottePaul\src\TextureManager.cpp(310,11): warning C4244: '=': conversion from 'int' to 'T', possible loss of data
          with
          [
              T=float
          ]
C:\Users\swarl\Downloads\GAME3001-M2020-Lab10-Starter\GAME3001_A3_AyottePaul\src\TextureManager.cpp(311,11): warning C4244: '=': conversion from 'int' to 'T', possible loss of data
          with
          [
              T=float
          ]
  Util.cpp
C:\Users\swarl\Downloads\GAME3001-M2020-Lab10-Starter\GAME3001_A3_AyottePaul\src\Util.cpp(238,15): warning C4244: '=': conversion from 'double' to 'T', possible loss of data
          with
          [
              T=float
          ]
C:\Users\swarl\Downloads\GAME3001-M2020-Lab10-Starter\GAME3001_A3_AyottePaul\src\Util.cpp(239,15): warning C4244: '=': conversion from 'double' to 'T', possible loss of data
          with
          [
              T=float
          ]
C:\Users\swarl\Downloads\GAME3001-M2020-Lab10-Starter\GAME3001_A3_AyottePaul\src\Util.cpp(255,16): warning C4244: '=': conversion from 'double' to 'T', possible loss of data
          with
          [
              T=float
          ]
C:\Users\swarl\Downloads\GAME3001-M2020-Lab10-Starter\GAME3001_A3_AyottePaul\src\Util.cpp(287,8): warning C4244: 'initializing': conversion from 'float' to 'int', possible loss of data
C:\Users\swarl\Downloads\GAME3001-M2020-Lab10-Starter\GAME3001_A3_AyottePaul\src\Util.cpp(288,8): warning C4244: 'initializing': conversion from 'float' to 'int', possible loss of data
C:\Users\swarl\Downloads\GAME3001-M2020-Lab10-Starter\GAME3001_A3_AyottePaul\src\Util.cpp(289,8): warning C4244: 'initializing': conversion from 'float' to 'int', possible loss of data
C:\Users\swarl\Downloads\GAME3001-M2020-Lab10-Starter\GAME3001_A3_AyottePaul\src\Util.cpp(290,8): warning C4244: 'initializing': conversion from 'float' to 'int', possible loss of data
C:\Users\swarl\Downloads\GAME3001-M2020-Lab10-Starter\GAME3001_A3_AyottePaul\src\Util.cpp(295,59): warning C4244: 'argument': conversion from 'T' to 'int', possible loss of data
          with
          [
              T=float
          ]
C:\Users\swarl\Downloads\GAME3001-M2020-Lab10-Starter\GAME3001_A3_AyottePaul\src\Util.cpp(295,52): warning C4244: 'argument': conversion from 'T' to 'int', possible loss of data
          with
          [
              T=float
          ]
C:\Users\swarl\Downloads\GAME3001-M2020-Lab10-Starter\GAME3001_A3_AyottePaul\src\Util.cpp(295,45): warning C4244: 'argument': conversion from 'T' to 'int', possible loss of data
          with
          [
              T=float
          ]
C:\Users\swarl\Downloads\GAME3001-M2020-Lab10-Starter\GAME3001_A3_AyottePaul\src\Util.cpp(295,36): warning C4244: 'argument': conversion from 'T' to 'int', possible loss of data
          with
          [
              T=float
          ]
C:\Users\swarl\Downloads\GAME3001-M2020-Lab10-Starter\GAME3001_A3_AyottePaul\src\Util.cpp(301,8): warning C4244: 'initializing': conversion from 'float' to 'int', possible loss of data
C:\Users\swarl\Downloads\GAME3001-M2020-Lab10-Starter\GAME3001_A3_AyottePaul\src\Util.cpp(302,8): warning C4244: 'initializing': conversion from 'float' to 'int', possible loss of data
C:\Users\swarl\Downloads\GAME3001-M2020-Lab10-Starter\GAME3001_A3_AyottePaul\src\Util.cpp(303,8): warning C4244: 'initializing': conversion from 'float' to 'int', possible loss of data
C:\Users\swarl\Downloads\GAME3001-M2020-Lab10-Starter\GAME3001_A3_AyottePaul\src\Util.cpp(304,8): warning C4244: 'initializing': conversion from 'float' to 'int', possible loss of data
C:\Users\swarl\Downloads\GAME3001-M2020-Lab10-Starter\GAME3001_A3_AyottePaul\src\Util.cpp(307,24): warning C4244: '=': conversion from 'T' to 'int', possible loss of data
          with
          [
              T=float
          ]
C:\Users\swarl\Downloads\GAME3001-M2020-Lab10-Starter\GAME3001_A3_AyottePaul\src\Util.cpp(308,24): warning C4244: '=': conversion from 'T' to 'int', possible loss of data
          with
          [
              T=float
          ]
C:\Users\swarl\Downloads\GAME3001-M2020-Lab10-Starter\GAME3001_A3_AyottePaul\src\Util.cpp(321,8): warning C4244: 'initializing': conversion from 'float' to 'int', possible loss of data
C:\Users\swarl\Downloads\GAME3001-M2020-Lab10-Starter\GAME3001_A3_AyottePaul\src\Util.cpp(322,8): warning C4244: 'initializing': conversion from 'float' to 'int', possible loss of data
C:\Users\swarl\Downloads\GAME3001-M2020-Lab10-Starter\GAME3001_A3_AyottePaul\src\Util.cpp(323,8): warning C4244: 'initializing': conversion from 'float' to 'int', possible loss of data
C:\Users\swarl\Downloads\GAME3001-M2020-Lab10-Starter\GAME3001_A3_AyottePaul\src\Util.cpp(324,8): warning C4244: 'initializing': conversion from 'float' to 'int', possible loss of data
C:\Users\swarl\Downloads\GAME3001-M2020-Lab10-Starter\GAME3001_A3_AyottePaul\src\Util.cpp(329,15): warning C4244: 'initializing': conversion from 'float' to 'int', possible loss of data
C:\Users\swarl\Downloads\GAME3001-M2020-Lab10-Starter\GAME3001_A3_AyottePaul\src\Util.cpp(343,57): warning C4244: 'argument': conversion from 'T' to 'int', possible loss of data
          with
          [
              T=float
          ]
C:\Users\swarl\Downloads\GAME3001-M2020-Lab10-Starter\GAME3001_A3_AyottePaul\src\Util.cpp(343,43): warning C4244: 'argument': conversion from 'T' to 'int', possible loss of data
          with
          [
              T=float
          ]
C:\Users\swarl\Downloads\GAME3001-M2020-Lab10-Starter\GAME3001_A3_AyottePaul\src\Util.cpp(344,57): warning C4244: 'argument': conversion from 'T' to 'int', possible loss of data
          with
          [
              T=float
          ]
C:\Users\swarl\Downloads\GAME3001-M2020-Lab10-Starter\GAME3001_A3_AyottePaul\src\Util.cpp(344,43): warning C4244: 'argument': conversion from 'T' to 'int', possible loss of data
          with
          [
              T=float
          ]
C:\Users\swarl\Downloads\GAME3001-M2020-Lab10-Starter\GAME3001_A3_AyottePaul\src\Util.cpp(345,57): warning C4244: 'argument': conversion from 'T' to 'int', possible loss of data
          with
          [
              T=float
          ]
C:\Users\swarl\Downloads\GAME3001-M2020-Lab10-Starter\GAME3001_A3_AyottePaul\src\Util.cpp(345,43): warning C4244: 'argument': conversion from 'T' to 'int', possible loss of data
          with
          [
              T=float
          ]
C:\Users\swarl\Downloads\GAME3001-M2020-Lab10-Starter\GAME3001_A3_AyottePaul\src\Util.cpp(346,57): warning C4244: 'argument': conversion from 'T' to 'int', possible loss of data
          with
          [
              T=float
          ]
C:\Users\swarl\Downloads\GAME3001-M2020-Lab10-Starter\GAME3001_A3_AyottePaul\src\Util.cpp(346,43): warning C4244: 'argument': conversion from 'T' to 'int', possible loss of data
          with
          [
              T=float
          ]
C:\Users\swarl\Downloads\GAME3001-M2020-Lab10-Starter\GAME3001_A3_AyottePaul\src\Util.cpp(350,57): warning C4244: 'argument': conversion from 'T' to 'int', possible loss of data
          with
          [
              T=float
          ]
C:\Users\swarl\Downloads\GAME3001-M2020-Lab10-Starter\GAME3001_A3_AyottePaul\src\Util.cpp(350,43): warning C4244: 'argument': conversion from 'T' to 'int', possible loss of data
          with
          [
              T=float
          ]
C:\Users\swarl\Downloads\GAME3001-M2020-Lab10-Starter\GAME3001_A3_AyottePaul\src\Util.cpp(351,57): warning C4244: 'argument': conversion from 'T' to 'int', possible loss of data
          with
          [
              T=float
          ]
C:\Users\swarl\Downloads\GAME3001-M2020-Lab10-Starter\GAME3001_A3_AyottePaul\src\Util.cpp(351,43): warning C4244: 'argument': conversion from 'T' to 'int', possible loss of data
          with
          [
              T=float
          ]
C:\Users\swarl\Downloads\GAME3001-M2020-Lab10-Starter\GAME3001_A3_AyottePaul\src\Util.cpp(352,57): warning C4244: 'argument': conversion from 'T' to 'int', possible loss of data
          with
          [
              T=float
          ]
C:\Users\swarl\Downloads\GAME3001-M2020-Lab10-Starter\GAME3001_A3_AyottePaul\src\Util.cpp(352,43): warning C4244: 'argument': conversion from 'T' to 'int', possible loss of data
          with
          [
              T=float
          ]
C:\Users\swarl\Downloads\GAME3001-M2020-Lab10-Starter\GAME3001_A3_AyottePaul\src\Util.cpp(353,57): warning C4244: 'argument': conversion from 'T' to 'int', possible loss of data
          with
          [
              T=float
          ]
C:\Users\swarl\Downloads\GAME3001-M2020-Lab10-Starter\GAME3001_A3_AyottePaul\src\Util.cpp(353,43): warning C4244: 'argument': conversion from 'T' to 'int', possible loss of data
          with
          [
              T=float
          ]
C:\Users\swarl\Downloads\GAME3001-M2020-Lab10-Starter\GAME3001_A3_AyottePaul\src\Util.cpp(357,57): warning C4244: 'argument': conversion from 'T' to 'int', possible loss of data
          with
          [
              T=float
          ]
C:\Users\swarl\Downloads\GAME3001-M2020-Lab10-Starter\GAME3001_A3_AyottePaul\src\Util.cpp(357,43): warning C4244: 'argument': conversion from 'T' to 'int', possible loss of data
          with
          [
              T=float
          ]
C:\Users\swarl\Downloads\GAME3001-M2020-Lab10-Starter\GAME3001_A3_AyottePaul\src\Util.cpp(358,57): warning C4244: 'argument': conversion from 'T' to 'int', possible loss of data
          with
          [
              T=float
          ]
C:\Users\swarl\Downloads\GAME3001-M2020-Lab10-Starter\GAME3001_A3_AyottePaul\src\Util.cpp(358,43): warning C4244: 'argument': conversion from 'T' to 'int', possible loss of data
          with
          [
              T=float
          ]
C:\Users\swarl\Downloads\GAME3001-M2020-Lab10-Starter\GAME3001_A3_AyottePaul\src\Util.cpp(359,57): warning C4244: 'argument': conversion from 'T' to 'int', possible loss of data
          with
          [
              T=float
          ]
C:\Users\swarl\Downloads\GAME3001-M2020-Lab10-Starter\GAME3001_A3_AyottePaul\src\Util.cpp(359,43): warning C4244: 'argument': conversion from 'T' to 'int', possible loss of data
          with
          [
              T=float
          ]
C:\Users\swarl\Downloads\GAME3001-M2020-Lab10-Starter\GAME3001_A3_AyottePaul\src\Util.cpp(360,57): warning C4244: 'argument': conversion from 'T' to 'int', possible loss of data
          with
          [
              T=float
          ]
C:\Users\swarl\Downloads\GAME3001-M2020-Lab10-Starter\GAME3001_A3_AyottePaul\src\Util.cpp(360,43): warning C4244: 'argument': conversion from 'T' to 'int', possible loss of data
          with
          [
              T=float
          ]
C:\Users\swarl\Downloads\GAME3001-M2020-Lab10-Starter\GAME3001_A3_AyottePaul\src\Util.cpp(364,57): warning C4244: 'argument': conversion from 'T' to 'int', possible loss of data
          with
          [
              T=float
          ]
C:\Users\swarl\Downloads\GAME3001-M2020-Lab10-Starter\GAME3001_A3_AyottePaul\src\Util.cpp(364,43): warning C4244: 'argument': conversion from 'T' to 'int', possible loss of data
          with
          [
              T=float
          ]
C:\Users\swarl\Downloads\GAME3001-M2020-Lab10-Starter\GAME3001_A3_AyottePaul\src\Util.cpp(365,57): warning C4244: 'argument': conversion from 'T' to 'int', possible loss of data
          with
          [
              T=float
          ]
C:\Users\swarl\Downloads\GAME3001-M2020-Lab10-Starter\GAME3001_A3_AyottePaul\src\Util.cpp(365,43): warning C4244: 'argument': conversion from 'T' to 'int', possible loss of data
          with
          [
              T=float
          ]
C:\Users\swarl\Downloads\GAME3001-M2020-Lab10-Starter\GAME3001_A3_AyottePaul\src\Util.cpp(366,57): warning C4244: 'argument': conversion from 'T' to 'int', possible loss of data
          with
          [
              T=float
          ]
C:\Users\swarl\Downloads\GAME3001-M2020-Lab10-Starter\GAME3001_A3_AyottePaul\src\Util.cpp(366,43): warning C4244: 'argument': conversion from 'T' to 'int', possible loss of data
          with
          [
              T=float
          ]
C:\Users\swarl\Downloads\GAME3001-M2020-Lab10-Starter\GAME3001_A3_AyottePaul\src\Util.cpp(367,57): warning C4244: 'argument': conversion from 'T' to 'int', possible loss of data
          with
          [
              T=float
          ]
C:\Users\swarl\Downloads\GAME3001-M2020-Lab10-Starter\GAME3001_A3_AyottePaul\src\Util.cpp(367,43): warning C4244: 'argument': conversion from 'T' to 'int', possible loss of data
          with
          [
              T=float
          ]
C:\Users\swarl\Downloads\GAME3001-M2020-Lab10-Starter\GAME3001_A3_AyottePaul\src\Util.cpp(371,57): warning C4244: 'argument': conversion from 'T' to 'int', possible loss of data
          with
          [
              T=float
          ]
C:\Users\swarl\Downloads\GAME3001-M2020-Lab10-Starter\GAME3001_A3_AyottePaul\src\Util.cpp(371,43): warning C4244: 'argument': conversion from 'T' to 'int', possible loss of data
          with
          [
              T=float
          ]
C:\Users\swarl\Downloads\GAME3001-M2020-Lab10-Starter\GAME3001_A3_AyottePaul\src\Util.cpp(372,57): warning C4244: 'argument': conversion from 'T' to 'int', possible loss of data
          with
          [
              T=float
          ]
C:\Users\swarl\Downloads\GAME3001-M2020-Lab10-Starter\GAME3001_A3_AyottePaul\src\Util.cpp(372,43): warning C4244: 'argument': conversion from 'T' to 'int', possible loss of data
          with
          [
              T=float
          ]
C:\Users\swarl\Downloads\GAME3001-M2020-Lab10-Starter\GAME3001_A3_AyottePaul\src\Util.cpp(373,57): warning C4244: 'argument': conversion from 'T' to 'int', possible loss of data
          with
          [
              T=float
          ]
C:\Users\swarl\Downloads\GAME3001-M2020-Lab10-Starter\GAME3001_A3_AyottePaul\src\Util.cpp(373,43): warning C4244: 'argument': conversion from 'T' to 'int', possible loss of data
          with
          [
              T=float
          ]
C:\Users\swarl\Downloads\GAME3001-M2020-Lab10-Starter\GAME3001_A3_AyottePaul\src\Util.cpp(374,57): warning C4244: 'argument': conversion from 'T' to 'int', possible loss of data
          with
          [
              T=float
          ]
C:\Users\swarl\Downloads\GAME3001-M2020-Lab10-Starter\GAME3001_A3_AyottePaul\src\Util.cpp(374,43): warning C4244: 'argument': conversion from 'T' to 'int', possible loss of data
          with
          [
              T=float
          ]
C:\Users\swarl\Downloads\GAME3001-M2020-Lab10-Starter\GAME3001_A3_AyottePaul\src\Util.cpp(375,57): warning C4244: 'argument': conversion from 'T' to 'int', possible loss of data
          with
          [
              T=float
          ]
C:\Users\swarl\Downloads\GAME3001-M2020-Lab10-Starter\GAME3001_A3_AyottePaul\src\Util.cpp(375,43): warning C4244: 'argument': conversion from 'T' to 'int', possible loss of data
          with
          [
              T=float
          ]
C:\Users\swarl\Downloads\GAME3001-M2020-Lab10-Starter\GAME3001_A3_AyottePaul\src\Util.cpp(376,57): warning C4244: 'argument': conversion from 'T' to 'int', possible loss of data
          with
          [
              T=float
          ]
C:\Users\swarl\Downloads\GAME3001-M2020-Lab10-Starter\GAME3001_A3_AyottePaul\src\Util.cpp(376,43): warning C4244: 'argument': conversion from 'T' to 'int', possible loss of data
          with
          [
              T=float
          ]
C:\Users\swarl\Downloads\GAME3001-M2020-Lab10-Starter\GAME3001_A3_AyottePaul\src\Util.cpp(377,57): warning C4244: 'argument': conversion from 'T' to 'int', possible loss of data
          with
          [
              T=float
          ]
C:\Users\swarl\Downloads\GAME3001-M2020-Lab10-Starter\GAME3001_A3_AyottePaul\src\Util.cpp(377,43): warning C4244: 'argument': conversion from 'T' to 'int', possible loss of data
          with
          [
              T=float
          ]
C:\Users\swarl\Downloads\GAME3001-M2020-Lab10-Starter\GAME3001_A3_AyottePaul\src\Util.cpp(378,57): warning C4244: 'argument': conversion from 'T' to 'int', possible loss of data
          with
          [
              T=float
          ]
C:\Users\swarl\Downloads\GAME3001-M2020-Lab10-Starter\GAME3001_A3_AyottePaul\src\Util.cpp(378,43): warning C4244: 'argument': conversion from 'T' to 'int', possible loss of data
          with
          [
              T=float
          ]
C:\Users\swarl\Downloads\GAME3001-M2020-Lab10-Starter\GAME3001_A3_AyottePaul\src\Util.cpp(405,16): warning C4244: 'initializing': conversion from 'float' to 'int', possible loss of data
C:\Users\swarl\Downloads\GAME3001-M2020-Lab10-Starter\GAME3001_A3_AyottePaul\src\Util.cpp(406,17): warning C4244: 'initializing': conversion from 'float' to 'int', possible loss of data
C:\Users\swarl\Downloads\GAME3001-M2020-Lab10-Starter\GAME3001_A3_AyottePaul\src\Util.cpp(411,23): warning C4244: '=': conversion from 'float' to 'int', possible loss of data
C:\Users\swarl\Downloads\GAME3001-M2020-Lab10-Starter\GAME3001_A3_AyottePaul\src\Util.cpp(421,22): warning C4244: '=': conversion from 'float' to 'int', possible loss of data
C:\Users\swarl\Downloads\GAME3001-M2020-Lab10-Starter\GAME3001_A3_AyottePaul\src\Util.cpp(430,19): warning C4244: '=': conversion from 'float' to 'int', possible loss of data
  Enemy.cpp
C:\Users\swarl\Downloads\GAME3001-M2020-Lab10-Starter\GAME3001_A3_AyottePaul\Template\Enemy.h(3,10): fatal error C1083: Cannot open include file: 'GameObject.h': No such file or directory
  Tile.cpp
C:\Users\swarl\Downloads\GAME3001-M2020-Lab10-Starter\GAME3001_A3_AyottePaul\Template\Tile.h(4,10): fatal error C1083: Cannot open include file: 'Sprite.h': No such file or directory
  Generating Code...
