c:\users\tom\onedrive\documents\courses\george brown\game3001 - artificial intelligence\sdl_engine\template\intermediate\debug\vc142.pdb
c:\users\tom\onedrive\documents\courses\george brown\game3001 - artificial intelligence\sdl_engine\template\intermediate\debug\vc142.idb
c:\users\tom\onedrive\documents\courses\george brown\game3001 - artificial intelligence\sdl_engine\template\intermediate\debug\eventmanager.obj
c:\users\tom\onedrive\documents\courses\george brown\game3001 - artificial intelligence\sdl_engine\template\intermediate\debug\soundmanager.obj
c:\users\tom\onedrive\documents\courses\george brown\game3001 - artificial intelligence\sdl_engine\template\intermediate\debug\ship.obj
c:\users\tom\onedrive\documents\courses\george brown\game3001 - artificial intelligence\sdl_engine\template\intermediate\debug\scene.obj
c:\users\tom\onedrive\documents\courses\george brown\game3001 - artificial intelligence\sdl_engine\template\intermediate\debug\renderer.obj
c:\users\tom\onedrive\documents\courses\george brown\game3001 - artificial intelligence\sdl_engine\template\intermediate\debug\player.obj
c:\users\tom\onedrive\documents\courses\george brown\game3001 - artificial intelligence\sdl_engine\template\intermediate\debug\plane.obj
c:\users\tom\onedrive\documents\courses\george brown\game3001 - artificial intelligence\sdl_engine\template\intermediate\debug\main.obj
c:\users\tom\onedrive\documents\courses\george brown\game3001 - artificial intelligence\sdl_engine\template\intermediate\debug\playscene.obj
c:\users\tom\onedrive\documents\courses\george brown\game3001 - artificial intelligence\sdl_engine\template\intermediate\debug\label.obj
c:\users\tom\onedrive\documents\courses\george brown\game3001 - artificial intelligence\sdl_engine\template\intermediate\debug\gameobject.obj
c:\users\tom\onedrive\documents\courses\george brown\game3001 - artificial intelligence\sdl_engine\template\intermediate\debug\gamecontroller.obj
c:\users\tom\onedrive\documents\courses\george brown\game3001 - artificial intelligence\sdl_engine\template\intermediate\debug\game.obj
c:\users\tom\onedrive\documents\courses\george brown\game3001 - artificial intelligence\sdl_engine\template\intermediate\debug\fontmanager.obj
c:\users\tom\onedrive\documents\courses\george brown\game3001 - artificial intelligence\sdl_engine\template\intermediate\debug\endscene.obj
c:\users\tom\onedrive\documents\courses\george brown\game3001 - artificial intelligence\sdl_engine\template\intermediate\debug\displayobject.obj
c:\users\tom\onedrive\documents\courses\george brown\game3001 - artificial intelligence\sdl_engine\template\intermediate\debug\uicontrol.obj
c:\users\tom\onedrive\documents\courses\george brown\game3001 - artificial intelligence\sdl_engine\template\intermediate\debug\sprite.obj
c:\users\tom\onedrive\documents\courses\george brown\game3001 - artificial intelligence\sdl_engine\template\intermediate\debug\collisionmanager.obj
c:\users\tom\onedrive\documents\courses\george brown\game3001 - artificial intelligence\sdl_engine\template\intermediate\debug\button.obj
c:\users\tom\onedrive\documents\courses\george brown\game3001 - artificial intelligence\sdl_engine\template\intermediate\debug\util.obj
c:\users\tom\onedrive\documents\courses\george brown\game3001 - artificial intelligence\sdl_engine\template\intermediate\debug\texturemanager.obj
c:\users\tom\onedrive\documents\courses\george brown\game3001 - artificial intelligence\sdl_engine\template\intermediate\debug\target.obj
c:\users\tom\onedrive\documents\courses\george brown\game3001 - artificial intelligence\sdl_engine\template\intermediate\debug\startscene.obj
c:\users\tom\onedrive\documents\courses\george brown\game3001 - artificial intelligence\sdl_engine\template\intermediate\debug\spritesheet.obj
c:\users\tsili\onedrive\desktop\game3001-m2020-lab10-starter\template\intermediate\debug\vc142.pdb
c:\users\tsili\onedrive\desktop\game3001-m2020-lab10-starter\template\intermediate\debug\vc142.idb
c:\users\tsili\onedrive\desktop\game3001-m2020-lab10-starter\template\intermediate\debug\ship.obj
c:\users\tsili\onedrive\desktop\game3001-m2020-lab10-starter\template\intermediate\debug\scene.obj
c:\users\tsili\onedrive\desktop\game3001-m2020-lab10-starter\template\intermediate\debug\renderer.obj
c:\users\tsili\onedrive\desktop\game3001-m2020-lab10-starter\template\intermediate\debug\player.obj
c:\users\tsili\onedrive\desktop\game3001-m2020-lab10-starter\template\intermediate\debug\plane.obj
c:\users\tsili\onedrive\desktop\game3001-m2020-lab10-starter\template\intermediate\debug\main.obj
c:\users\tsili\onedrive\desktop\game3001-m2020-lab10-starter\template\intermediate\debug\playscene.obj
c:\users\tsili\onedrive\desktop\game3001-m2020-lab10-starter\template\intermediate\debug\label.obj
c:\users\tsili\onedrive\desktop\game3001-m2020-lab10-starter\template\intermediate\debug\gameobject.obj
c:\users\tsili\onedrive\desktop\game3001-m2020-lab10-starter\template\intermediate\debug\gamecontroller.obj
c:\users\tsili\onedrive\desktop\game3001-m2020-lab10-starter\template\intermediate\debug\game.obj
c:\users\tsili\onedrive\desktop\game3001-m2020-lab10-starter\template\intermediate\debug\fontmanager.obj
c:\users\tsili\onedrive\desktop\game3001-m2020-lab10-starter\template\intermediate\debug\endscene.obj
c:\users\tsili\onedrive\desktop\game3001-m2020-lab10-starter\template\intermediate\debug\displayobject.obj
c:\users\tsili\onedrive\desktop\game3001-m2020-lab10-starter\template\intermediate\debug\uicontrol.obj
c:\users\tsili\onedrive\desktop\game3001-m2020-lab10-starter\template\intermediate\debug\sprite.obj
c:\users\tsili\onedrive\desktop\game3001-m2020-lab10-starter\template\intermediate\debug\pathnode.obj
c:\users\tsili\onedrive\desktop\game3001-m2020-lab10-starter\template\intermediate\debug\obstacle.obj
c:\users\tsili\onedrive\desktop\game3001-m2020-lab10-starter\template\intermediate\debug\collisionmanager.obj
c:\users\tsili\onedrive\desktop\game3001-m2020-lab10-starter\template\intermediate\debug\button.obj
c:\users\tsili\onedrive\desktop\game3001-m2020-lab10-starter\template\intermediate\debug\util.obj
c:\users\tsili\onedrive\desktop\game3001-m2020-lab10-starter\template\intermediate\debug\texturemanager.obj
c:\users\tsili\onedrive\desktop\game3001-m2020-lab10-starter\template\intermediate\debug\target.obj
c:\users\tsili\onedrive\desktop\game3001-m2020-lab10-starter\template\intermediate\debug\startscene.obj
c:\users\tsili\onedrive\desktop\game3001-m2020-lab10-starter\template\intermediate\debug\spritesheet.obj
c:\users\tsili\onedrive\desktop\game3001-m2020-lab10-starter\template\intermediate\debug\eventmanager.obj
c:\users\tsili\onedrive\desktop\game3001-m2020-lab10-starter\template\intermediate\debug\soundmanager.obj
c:\users\tom\onedrive\documents\courses\george brown\game3001 - artificial intelligence\sdl_engine\bin\debug\template.exe
c:\users\tom\onedrive\documents\courses\george brown\game3001 - artificial intelligence\sdl_engine\bin\debug\template.ilk
c:\users\tom\onedrive\documents\courses\george brown\game3001 - artificial intelligence\sdl_engine\bin\debug\template.pdb
c:\users\tom\desktop\game3001-m2020-lab9\bin\debug\template.exe
c:\users\tom\desktop\game3001-m2020-lab9\bin\debug\template.ilk
c:\users\tom\desktop\game3001-m2020-lab9\bin\debug\template.pdb
c:\users\tsili\onedrive\desktop\game3001-m2020-lab10-starter\bin\debug\template.exe
c:\users\tsili\onedrive\desktop\game3001-m2020-lab10-starter\bin\debug\template.ilk
c:\users\tsili\onedrive\desktop\game3001-m2020-lab10-starter\bin\debug\template.pdb
c:\users\tsili\onedrive\desktop\game3001-m2020-lab10-starter\template\intermediate\debug\template.tlog\cl.command.1.tlog
c:\users\tsili\onedrive\desktop\game3001-m2020-lab10-starter\template\intermediate\debug\template.tlog\cl.read.1.tlog
c:\users\tsili\onedrive\desktop\game3001-m2020-lab10-starter\template\intermediate\debug\template.tlog\cl.write.1.tlog
c:\users\tsili\onedrive\desktop\game3001-m2020-lab10-starter\template\intermediate\debug\template.tlog\link.command.1.tlog
c:\users\tsili\onedrive\desktop\game3001-m2020-lab10-starter\template\intermediate\debug\template.tlog\link.read.1.tlog
c:\users\tsili\onedrive\desktop\game3001-m2020-lab10-starter\template\intermediate\debug\template.tlog\link.write.1.tlog
